e:\gpu\lab3\x64\release\vc142.pdb
e:\gpu\lab3\x64\release\source.obj
e:\gpu\lab3\x64\release\cpu.obj
e:\gpu\lab3\x64\release\utilsmat.obj
x64\release\gpu.cu.obj
e:\gpu\lab1\x64\release\lab3.exe
e:\gpu\lab3\x64\release\lab3.ipdb
e:\gpu\lab3\x64\release\lab3.iobj
e:\gpu\lab1\x64\release\lab3.pdb
e:\gpu\lab3\x64\release\gpu.cu.cache
e:\gpu\lab3\x64\release\source.cu.cache
e:\gpu\lab3\x64\release\gpu.cu.obj
e:\gpu\lab3\x64\release\source.cu.obj
e:\gpu\lab3\x64\release\lab3.tlog\cl.command.1.tlog
e:\gpu\lab3\x64\release\lab3.tlog\cl.read.1.tlog
e:\gpu\lab3\x64\release\lab3.tlog\cl.write.1.tlog
e:\gpu\lab3\x64\release\lab3.tlog\cudacompile.read.1u.tlog
e:\gpu\lab3\x64\release\lab3.tlog\cudacompile.write.1u.tlog
e:\gpu\lab3\x64\release\lab3.tlog\link.command.1.tlog
e:\gpu\lab3\x64\release\lab3.tlog\link.read.1.tlog
e:\gpu\lab3\x64\release\lab3.tlog\link.write.1.tlog
